<?xml version="1.0" encoding="UTF-8"?>
<!-- Generated by org.testng.reporters.JUnitXMLReporter -->
<testsuite hostname="LAPTOP-UBH3B9HL" ignored="9" name="Default test" tests="2" failures="0" timestamp="19 Aug 2018 03:58:56 GMT" time="49.54" errors="0">
  <testcase name="adminIterateThroughBuildling" time="20.98" classname="com.revature.testng.Assignforce_Testing_KW"/>
  <testcase name="adminIterateThroughRoom" time="11.409" classname="com.revature.testng.Assignforce_Testing_KW"/>
  <testcase name="adminIterateThroughLocations" time="0.0" classname="com.revature.testng.Assignforce_Testing_KW">
    <ignored/>
  </testcase> <!-- adminIterateThroughLocations -->
  <testcase name="adminCreateNewBatch" time="0.0" classname="com.revature.testng.Assignforce_Testing_KW">
    <ignored/>
  </testcase> <!-- adminCreateNewBatch -->
  <testcase name="testAdminLogin" time="0.0" classname="com.revature.testng.Assignforce_Testing_KW">
    <ignored/>
  </testcase> <!-- testAdminLogin -->
  <testcase name="adminIterateThroughBatchCoreUntilMemoryFault" time="0.0" classname="com.revature.testng.Assignforce_Testing_KW">
    <ignored/>
  </testcase> <!-- adminIterateThroughBatchCoreUntilMemoryFault -->
  <testcase name="adminIterateThroughBatchCoreList" time="0.0" classname="com.revature.testng.Assignforce_Testing_KW">
    <ignored/>
  </testcase> <!-- adminIterateThroughBatchCoreList -->
  <testcase name="adminIterateThroughCotrainers" time="0.0" classname="com.revature.testng.Assignforce_Testing_KW">
    <ignored/>
  </testcase> <!-- adminIterateThroughCotrainers -->
  <testcase name="adminIterateThroughSkillsList" time="0.0" classname="com.revature.testng.Assignforce_Testing_KW">
    <ignored/>
  </testcase> <!-- adminIterateThroughSkillsList -->
  <testcase name="testUserLogin" time="0.0" classname="com.revature.testng.Assignforce_Testing_KW">
    <ignored/>
  </testcase> <!-- testUserLogin -->
  <testcase name="adminIterateThroughTrainers" time="0.0" classname="com.revature.testng.Assignforce_Testing_KW">
    <ignored/>
  </testcase> <!-- adminIterateThroughTrainers -->
</testsuite> <!-- Default test -->
