<?xml version="1.0" encoding="UTF-8"?>
<!-- Generated by org.testng.reporters.JUnitXMLReporter -->
<testsuite hostname="LAPTOP-UBH3B9HL" ignored="22" name="Default test" tests="1" failures="1" timestamp="20 Aug 2018 02:23:45 GMT" time="59.339" errors="0">
  <testcase name="adminIterateThroughRoom" time="19.449" classname="com.revature.testng.Assignforce_Testing_KW">
    <failure type="org.openqa.selenium.NoSuchElementException" message="no such element: Unable to locate element: {&amp;quot;method&amp;quot;:&amp;quot;css selector&amp;quot;,&amp;quot;selector&amp;quot;:&amp;quot;mat-option:first-of-type&amp;quot;}
  (Session info: chrome=68.0.3440.106)
  (Driver info: chromedriver=2.41.578737 (49da6702b16031c40d63e5618de03a32ff6c197e),platform=Windows NT 10.0.17134 x86_64) (WARNING: The server did not provide any stacktrace information)
Command duration or timeout: 0 milliseconds
For documentation on this error, please visit: http://seleniumhq.org/exceptions/no_such_element.html
Build info: version: &amp;apos;3.11.0&amp;apos;, revision: &amp;apos;e59cfb3&amp;apos;, time: &amp;apos;2018-03-11T20:26:55.152Z&amp;apos;
System info: host: &amp;apos;LAPTOP-UBH3B9HL&amp;apos;, ip: &amp;apos;10.0.0.90&amp;apos;, os.name: &amp;apos;Windows 10&amp;apos;, os.arch: &amp;apos;amd64&amp;apos;, os.version: &amp;apos;10.0&amp;apos;, java.version: &amp;apos;1.8.0_172&amp;apos;
Driver info: org.openqa.selenium.chrome.ChromeDriver
Capabilities {acceptInsecureCerts: false, acceptSslCerts: false, applicationCacheEnabled: false, browserConnectionEnabled: false, browserName: chrome, chrome: {chromedriverVersion: 2.41.578737 (49da6702b16031..., userDataDir: C:\Users\Kevin\AppData\Loca...}, cssSelectorsEnabled: true, databaseEnabled: false, goog:chromeOptions: {debuggerAddress: localhost:59395}, handlesAlerts: true, hasTouchScreen: false, javascriptEnabled: true, locationContextEnabled: true, mobileEmulationEnabled: false, nativeEvents: true, networkConnectionEnabled: false, pageLoadStrategy: normal, platform: XP, platformName: XP, rotatable: false, setWindowRect: true, takesHeapSnapshot: true, takesScreenshot: true, unexpectedAlertBehaviour: , unhandledPromptBehavior: , version: 68.0.3440.106, webStorageEnabled: true}
Session ID: cc1a8eb206551a63caeba8be42c6ed3f
*** Element info: {Using=css selector, value=mat-option:first-of-type}">
      <![CDATA[org.openqa.selenium.NoSuchElementException: no such element: Unable to locate element: {"method":"css selector","selector":"mat-option:first-of-type"}
  (Session info: chrome=68.0.3440.106)
  (Driver info: chromedriver=2.41.578737 (49da6702b16031c40d63e5618de03a32ff6c197e),platform=Windows NT 10.0.17134 x86_64) (WARNING: The server did not provide any stacktrace information)
Command duration or timeout: 0 milliseconds
For documentation on this error, please visit: http://seleniumhq.org/exceptions/no_such_element.html
Build info: version: '3.11.0', revision: 'e59cfb3', time: '2018-03-11T20:26:55.152Z'
System info: host: 'LAPTOP-UBH3B9HL', ip: '10.0.0.90', os.name: 'Windows 10', os.arch: 'amd64', os.version: '10.0', java.version: '1.8.0_172'
Driver info: org.openqa.selenium.chrome.ChromeDriver
Capabilities {acceptInsecureCerts: false, acceptSslCerts: false, applicationCacheEnabled: false, browserConnectionEnabled: false, browserName: chrome, chrome: {chromedriverVersion: 2.41.578737 (49da6702b16031..., userDataDir: C:\Users\Kevin\AppData\Loca...}, cssSelectorsEnabled: true, databaseEnabled: false, goog:chromeOptions: {debuggerAddress: localhost:59395}, handlesAlerts: true, hasTouchScreen: false, javascriptEnabled: true, locationContextEnabled: true, mobileEmulationEnabled: false, nativeEvents: true, networkConnectionEnabled: false, pageLoadStrategy: normal, platform: XP, platformName: XP, rotatable: false, setWindowRect: true, takesHeapSnapshot: true, takesScreenshot: true, unexpectedAlertBehaviour: , unhandledPromptBehavior: , version: 68.0.3440.106, webStorageEnabled: true}
Session ID: cc1a8eb206551a63caeba8be42c6ed3f
*** Element info: {Using=css selector, value=mat-option:first-of-type}
at sun.reflect.NativeConstructorAccessorImpl.newInstance0(Native Method)
at sun.reflect.NativeConstructorAccessorImpl.newInstance(NativeConstructorAccessorImpl.java:62)
at sun.reflect.DelegatingConstructorAccessorImpl.newInstance(DelegatingConstructorAccessorImpl.java:45)
at java.lang.reflect.Constructor.newInstance(Constructor.java:423)
at org.openqa.selenium.remote.ErrorHandler.createThrowable(ErrorHandler.java:214)
at org.openqa.selenium.remote.ErrorHandler.throwIfResponseFailed(ErrorHandler.java:166)
at org.openqa.selenium.remote.http.JsonHttpResponseCodec.reconstructValue(JsonHttpResponseCodec.java:40)
at org.openqa.selenium.remote.http.AbstractHttpResponseCodec.decode(AbstractHttpResponseCodec.java:80)
at org.openqa.selenium.remote.http.AbstractHttpResponseCodec.decode(AbstractHttpResponseCodec.java:44)
at org.openqa.selenium.remote.HttpCommandExecutor.execute(HttpCommandExecutor.java:158)
at org.openqa.selenium.remote.service.DriverCommandExecutor.execute(DriverCommandExecutor.java:83)
at org.openqa.selenium.remote.RemoteWebDriver.execute(RemoteWebDriver.java:545)
at org.openqa.selenium.remote.RemoteWebDriver.findElement(RemoteWebDriver.java:319)
at org.openqa.selenium.remote.RemoteWebDriver.findElementByCssSelector(RemoteWebDriver.java:413)
at org.openqa.selenium.By$ByCssSelector.findElement(By.java:430)
at org.openqa.selenium.remote.RemoteWebDriver.findElement(RemoteWebDriver.java:311)
at org.openqa.selenium.support.pagefactory.DefaultElementLocator.findElement(DefaultElementLocator.java:69)
at org.openqa.selenium.support.pagefactory.internal.LocatingElementHandler.invoke(LocatingElementHandler.java:38)
at com.sun.proxy.$Proxy10.click(Unknown Source)
at com.revature.testng.Assignforce_Testing_KW.adminIterateThroughRoom(Assignforce_Testing_KW.java:968)
at sun.reflect.NativeMethodAccessorImpl.invoke0(Native Method)
at sun.reflect.NativeMethodAccessorImpl.invoke(NativeMethodAccessorImpl.java:62)
at sun.reflect.DelegatingMethodAccessorImpl.invoke(DelegatingMethodAccessorImpl.java:43)
at java.lang.reflect.Method.invoke(Method.java:498)
at org.testng.internal.MethodInvocationHelper.invokeMethod(MethodInvocationHelper.java:124)
at org.testng.internal.Invoker.invokeMethod(Invoker.java:583)
at org.testng.internal.Invoker.invokeTestMethod(Invoker.java:719)
at org.testng.internal.Invoker.invokeTestMethods(Invoker.java:989)
at org.testng.internal.TestMethodWorker.invokeTestMethods(TestMethodWorker.java:125)
at org.testng.internal.TestMethodWorker.run(TestMethodWorker.java:109)
at org.testng.TestRunner.privateRun(TestRunner.java:648)
at org.testng.TestRunner.run(TestRunner.java:505)
at org.testng.SuiteRunner.runTest(SuiteRunner.java:455)
at org.testng.SuiteRunner.runSequentially(SuiteRunner.java:450)
at org.testng.SuiteRunner.privateRun(SuiteRunner.java:415)
at org.testng.SuiteRunner.run(SuiteRunner.java:364)
at org.testng.SuiteRunnerWorker.runSuite(SuiteRunnerWorker.java:52)
at org.testng.SuiteRunnerWorker.run(SuiteRunnerWorker.java:84)
at org.testng.TestNG.runSuitesSequentially(TestNG.java:1208)
at org.testng.TestNG.runSuitesLocally(TestNG.java:1137)
at org.testng.TestNG.runSuites(TestNG.java:1049)
at org.testng.TestNG.run(TestNG.java:1017)
at org.testng.remote.AbstractRemoteTestNG.run(AbstractRemoteTestNG.java:114)
at org.testng.remote.RemoteTestNG.initAndRun(RemoteTestNG.java:251)
at org.testng.remote.RemoteTestNG.main(RemoteTestNG.java:77)
]]>
    </failure>
  </testcase> <!-- adminIterateThroughRoom -->
  <testcase name="adminCreateNewBatchAndCancel3" time="0.0" classname="com.revature.testng.Assignforce_Testing_KW">
    <ignored/>
  </testcase> <!-- adminCreateNewBatchAndCancel3 -->
  <testcase name="adminCreateNewBatchAndCancel2" time="0.0" classname="com.revature.testng.Assignforce_Testing_KW">
    <ignored/>
  </testcase> <!-- adminCreateNewBatchAndCancel2 -->
  <testcase name="adminIterateThroughBuildling" time="0.0" classname="com.revature.testng.Assignforce_Testing_KW">
    <ignored/>
  </testcase> <!-- adminIterateThroughBuildling -->
  <testcase name="adminIterateThroughSkillsList" time="0.0" classname="com.revature.testng.Assignforce_Testing_KW">
    <ignored/>
  </testcase> <!-- adminIterateThroughSkillsList -->
  <testcase name="adminCreateNewBatchAndCancel8" time="0.0" classname="com.revature.testng.Assignforce_Testing_KW">
    <ignored/>
  </testcase> <!-- adminCreateNewBatchAndCancel8 -->
  <testcase name="adminCreateNewBatchAndCancel5" time="0.0" classname="com.revature.testng.Assignforce_Testing_KW">
    <ignored/>
  </testcase> <!-- adminCreateNewBatchAndCancel5 -->
  <testcase name="adminEditMultipleBatch" time="0.0" classname="com.revature.testng.Assignforce_Testing_KW">
    <ignored/>
  </testcase> <!-- adminEditMultipleBatch -->
  <testcase name="adminEditSingleBatch" time="0.0" classname="com.revature.testng.Assignforce_Testing_KW">
    <ignored/>
  </testcase> <!-- adminEditSingleBatch -->
  <testcase name="testUserLogin" time="0.0" classname="com.revature.testng.Assignforce_Testing_KW">
    <ignored/>
  </testcase> <!-- testUserLogin -->
  <testcase name="adminCreateNewBatchAndCancel7" time="0.0" classname="com.revature.testng.Assignforce_Testing_KW">
    <ignored/>
  </testcase> <!-- adminCreateNewBatchAndCancel7 -->
  <testcase name="adminCreateNewBatchAndCancel4" time="0.0" classname="com.revature.testng.Assignforce_Testing_KW">
    <ignored/>
  </testcase> <!-- adminCreateNewBatchAndCancel4 -->
  <testcase name="adminCreateNewBatchAndCancel6" time="0.0" classname="com.revature.testng.Assignforce_Testing_KW">
    <ignored/>
  </testcase> <!-- adminCreateNewBatchAndCancel6 -->
  <testcase name="adminIterateThroughLocations" time="0.0" classname="com.revature.testng.Assignforce_Testing_KW">
    <ignored/>
  </testcase> <!-- adminIterateThroughLocations -->
  <testcase name="testAdminLogin" time="0.0" classname="com.revature.testng.Assignforce_Testing_KW">
    <ignored/>
  </testcase> <!-- testAdminLogin -->
  <testcase name="adminIterateThroughBatchCoreUntilMemoryFault" time="0.0" classname="com.revature.testng.Assignforce_Testing_KW">
    <ignored/>
  </testcase> <!-- adminIterateThroughBatchCoreUntilMemoryFault -->
  <testcase name="adminCreateNewBatchAndCancel10" time="0.0" classname="com.revature.testng.Assignforce_Testing_KW">
    <ignored/>
  </testcase> <!-- adminCreateNewBatchAndCancel10 -->
  <testcase name="adminCreateNewBatchAndCancel9" time="0.0" classname="com.revature.testng.Assignforce_Testing_KW">
    <ignored/>
  </testcase> <!-- adminCreateNewBatchAndCancel9 -->
  <testcase name="adminIterateThroughCotrainers" time="0.0" classname="com.revature.testng.Assignforce_Testing_KW">
    <ignored/>
  </testcase> <!-- adminIterateThroughCotrainers -->
  <testcase name="adminIterateThroughBatchCoreList" time="0.0" classname="com.revature.testng.Assignforce_Testing_KW">
    <ignored/>
  </testcase> <!-- adminIterateThroughBatchCoreList -->
  <testcase name="adminCreateNewBatchAndSubmit" time="0.0" classname="com.revature.testng.Assignforce_Testing_KW">
    <ignored/>
  </testcase> <!-- adminCreateNewBatchAndSubmit -->
  <testcase name="adminCreateNewBatchAndCancel" time="0.0" classname="com.revature.testng.Assignforce_Testing_KW">
    <ignored/>
  </testcase> <!-- adminCreateNewBatchAndCancel -->
  <testcase name="adminIterateThroughTrainers" time="0.0" classname="com.revature.testng.Assignforce_Testing_KW">
    <ignored/>
  </testcase> <!-- adminIterateThroughTrainers -->
</testsuite> <!-- Default test -->
