<?xml version="1.0" encoding="UTF-8"?>
<!-- Generated by org.testng.reporters.JUnitXMLReporter -->
<testsuite hostname="DESKTOP-1L1R9TH" ignored="5" name="Default test" tests="1" failures="0" timestamp="18 Aug 2018 04:22:40 GMT" time="398.735" errors="0">
  <testcase name="adminIterateThroughBatchCoreUntilMemoryFault" time="398.705" classname="com.revature.testng.Assignforce_Testing_KW"/>
  <testcase name="adminCreateNewBatch" time="0.0" classname="com.revature.testng.Assignforce_Testing_KW">
    <ignored/>
  </testcase> <!-- adminCreateNewBatch -->
  <testcase name="adminIterateThroughBatchCoreList2" time="0.0" classname="com.revature.testng.Assignforce_Testing_KW">
    <ignored/>
  </testcase> <!-- adminIterateThroughBatchCoreList2 -->
  <testcase name="testAdminLogin" time="0.0" classname="com.revature.testng.Assignforce_Testing_KW">
    <ignored/>
  </testcase> <!-- testAdminLogin -->
  <testcase name="adminIterateThroughBatchCoreList" time="0.0" classname="com.revature.testng.Assignforce_Testing_KW">
    <ignored/>
  </testcase> <!-- adminIterateThroughBatchCoreList -->
  <testcase name="testUserLogin" time="0.0" classname="com.revature.testng.Assignforce_Testing_KW">
    <ignored/>
  </testcase> <!-- testUserLogin -->
</testsuite> <!-- Default test -->
