<?xml version="1.0" encoding="UTF-8"?>
<!-- Generated by org.testng.reporters.JUnitXMLReporter -->
<testsuite hostname="2CE4250J62" ignored="15" name="Default test" tests="7" failures="0" timestamp="20 Aug 2018 07:02:53 GMT" time="18.97" errors="0">
  <testcase name="@BeforeTest launchApplicationAsAdmin" time="18.605" classname="com.revature.testng.Assignforce_Testing_KW">
    <failure type="org.openqa.selenium.WebDriverException" message="chrome not reachable
  (Session info: chrome=68.0.3440.106)
  (Driver info: chromedriver=2.41.578737 (49da6702b16031c40d63e5618de03a32ff6c197e),platform=Windows NT 6.3.9600 x86_64) (WARNING: The server did not provide any stacktrace information)
Command duration or timeout: 0 milliseconds
Build info: version: &amp;apos;3.11.0&amp;apos;, revision: &amp;apos;e59cfb3&amp;apos;, time: &amp;apos;2018-03-11T20:26:55.152Z&amp;apos;
System info: host: &amp;apos;2CE4250J62&amp;apos;, ip: &amp;apos;10.0.0.72&amp;apos;, os.name: &amp;apos;Windows 8.1&amp;apos;, os.arch: &amp;apos;amd64&amp;apos;, os.version: &amp;apos;6.3&amp;apos;, java.version: &amp;apos;1.8.0_171&amp;apos;
Driver info: org.openqa.selenium.chrome.ChromeDriver
Capabilities {acceptInsecureCerts: false, acceptSslCerts: false, applicationCacheEnabled: false, browserConnectionEnabled: false, browserName: chrome, chrome: {chromedriverVersion: 2.41.578737 (49da6702b16031..., userDataDir: C:\Users\PANYAR~1\AppData\L...}, cssSelectorsEnabled: true, databaseEnabled: false, goog:chromeOptions: {debuggerAddress: localhost:59157}, handlesAlerts: true, hasTouchScreen: false, javascriptEnabled: true, locationContextEnabled: true, mobileEmulationEnabled: false, nativeEvents: true, networkConnectionEnabled: false, pageLoadStrategy: normal, platform: XP, platformName: XP, rotatable: false, setWindowRect: true, takesHeapSnapshot: true, takesScreenshot: true, unexpectedAlertBehaviour: , unhandledPromptBehavior: , version: 68.0.3440.106, webStorageEnabled: true}
Session ID: 22ad13bfab5b2400523e8357458e926a
*** Element info: {Using=name, value=email}">
      <![CDATA[org.openqa.selenium.WebDriverException: chrome not reachable
  (Session info: chrome=68.0.3440.106)
  (Driver info: chromedriver=2.41.578737 (49da6702b16031c40d63e5618de03a32ff6c197e),platform=Windows NT 6.3.9600 x86_64) (WARNING: The server did not provide any stacktrace information)
Command duration or timeout: 0 milliseconds
Build info: version: '3.11.0', revision: 'e59cfb3', time: '2018-03-11T20:26:55.152Z'
System info: host: '2CE4250J62', ip: '10.0.0.72', os.name: 'Windows 8.1', os.arch: 'amd64', os.version: '6.3', java.version: '1.8.0_171'
Driver info: org.openqa.selenium.chrome.ChromeDriver
Capabilities {acceptInsecureCerts: false, acceptSslCerts: false, applicationCacheEnabled: false, browserConnectionEnabled: false, browserName: chrome, chrome: {chromedriverVersion: 2.41.578737 (49da6702b16031..., userDataDir: C:\Users\PANYAR~1\AppData\L...}, cssSelectorsEnabled: true, databaseEnabled: false, goog:chromeOptions: {debuggerAddress: localhost:59157}, handlesAlerts: true, hasTouchScreen: false, javascriptEnabled: true, locationContextEnabled: true, mobileEmulationEnabled: false, nativeEvents: true, networkConnectionEnabled: false, pageLoadStrategy: normal, platform: XP, platformName: XP, rotatable: false, setWindowRect: true, takesHeapSnapshot: true, takesScreenshot: true, unexpectedAlertBehaviour: , unhandledPromptBehavior: , version: 68.0.3440.106, webStorageEnabled: true}
Session ID: 22ad13bfab5b2400523e8357458e926a
*** Element info: {Using=name, value=email}
at sun.reflect.NativeConstructorAccessorImpl.newInstance0(Native Method)
at sun.reflect.NativeConstructorAccessorImpl.newInstance(Unknown Source)
at sun.reflect.DelegatingConstructorAccessorImpl.newInstance(Unknown Source)
at java.lang.reflect.Constructor.newInstance(Unknown Source)
at org.openqa.selenium.remote.ErrorHandler.createThrowable(ErrorHandler.java:214)
at org.openqa.selenium.remote.ErrorHandler.throwIfResponseFailed(ErrorHandler.java:166)
at org.openqa.selenium.remote.http.JsonHttpResponseCodec.reconstructValue(JsonHttpResponseCodec.java:40)
at org.openqa.selenium.remote.http.AbstractHttpResponseCodec.decode(AbstractHttpResponseCodec.java:80)
at org.openqa.selenium.remote.http.AbstractHttpResponseCodec.decode(AbstractHttpResponseCodec.java:44)
at org.openqa.selenium.remote.HttpCommandExecutor.execute(HttpCommandExecutor.java:158)
at org.openqa.selenium.remote.service.DriverCommandExecutor.execute(DriverCommandExecutor.java:83)
at org.openqa.selenium.remote.RemoteWebDriver.execute(RemoteWebDriver.java:545)
at org.openqa.selenium.remote.RemoteWebDriver.findElement(RemoteWebDriver.java:319)
at org.openqa.selenium.remote.RemoteWebDriver.findElementByName(RemoteWebDriver.java:397)
at org.openqa.selenium.By$ByName.findElement(By.java:303)
at org.openqa.selenium.remote.RemoteWebDriver.findElement(RemoteWebDriver.java:311)
at org.openqa.selenium.support.pagefactory.DefaultElementLocator.findElement(DefaultElementLocator.java:69)
at org.openqa.selenium.support.pagefactory.internal.LocatingElementHandler.invoke(LocatingElementHandler.java:38)
at com.sun.proxy.$Proxy14.sendKeys(Unknown Source)
at com.revature.testng.Assignforce_Testing_KW.launchApplicationAsAdmin(Assignforce_Testing_KW.java:45)
at sun.reflect.NativeMethodAccessorImpl.invoke0(Native Method)
at sun.reflect.NativeMethodAccessorImpl.invoke(Unknown Source)
at sun.reflect.DelegatingMethodAccessorImpl.invoke(Unknown Source)
at java.lang.reflect.Method.invoke(Unknown Source)
at org.testng.internal.MethodInvocationHelper.invokeMethod(MethodInvocationHelper.java:124)
at org.testng.internal.MethodInvocationHelper.invokeMethodConsideringTimeout(MethodInvocationHelper.java:59)
at org.testng.internal.Invoker.invokeConfigurationMethod(Invoker.java:458)
at org.testng.internal.Invoker.invokeConfigurations(Invoker.java:222)
at org.testng.internal.Invoker.invokeConfigurations(Invoker.java:142)
at org.testng.TestRunner.beforeRun(TestRunner.java:529)
at org.testng.TestRunner.run(TestRunner.java:497)
at org.testng.SuiteRunner.runTest(SuiteRunner.java:455)
at org.testng.SuiteRunner.runSequentially(SuiteRunner.java:450)
at org.testng.SuiteRunner.privateRun(SuiteRunner.java:415)
at org.testng.SuiteRunner.run(SuiteRunner.java:364)
at org.testng.SuiteRunnerWorker.runSuite(SuiteRunnerWorker.java:52)
at org.testng.SuiteRunnerWorker.run(SuiteRunnerWorker.java:84)
at org.testng.TestNG.runSuitesSequentially(TestNG.java:1208)
at org.testng.TestNG.runSuitesLocally(TestNG.java:1137)
at org.testng.TestNG.runSuites(TestNG.java:1049)
at org.testng.TestNG.run(TestNG.java:1017)
at org.testng.remote.AbstractRemoteTestNG.run(AbstractRemoteTestNG.java:114)
at org.testng.remote.RemoteTestNG.initAndRun(RemoteTestNG.java:251)
at org.testng.remote.RemoteTestNG.main(RemoteTestNG.java:77)
]]>
    </failure>
  </testcase> <!-- @BeforeTest launchApplicationAsAdmin -->
  <testcase name="@AfterTest logoutAndCloseDriver" time="0.0" classname="com.revature.testng.Assignforce_Testing_KW">
    <skipped/>
  </testcase> <!-- @AfterTest logoutAndCloseDriver -->
  <testcase name="adminCreateNewBatchAndCancel" time="0.0" classname="com.revature.testng.Assignforce_Testing_KW">
    <skipped/>
  </testcase> <!-- adminCreateNewBatchAndCancel -->
  <testcase name="adminCreateNewBatchAndCancel2" time="0.0" classname="com.revature.testng.Assignforce_Testing_KW">
    <skipped/>
  </testcase> <!-- adminCreateNewBatchAndCancel2 -->
  <testcase name="adminCreateNewBatchAndCancel3" time="0.0" classname="com.revature.testng.Assignforce_Testing_KW">
    <skipped/>
  </testcase> <!-- adminCreateNewBatchAndCancel3 -->
  <testcase name="adminIterateThroughRoom" time="0.0" classname="com.revature.testng.Assignforce_Testing_KW">
    <skipped/>
  </testcase> <!-- adminIterateThroughRoom -->
  <testcase name="testAdminLogin" time="0.0" classname="com.revature.testng.Assignforce_Testing_KW">
    <skipped/>
  </testcase> <!-- testAdminLogin -->
  <testcase name="testUserLogin" time="0.0" classname="com.revature.testng.Assignforce_Testing_KW">
    <skipped/>
  </testcase> <!-- testUserLogin -->
  <testcase name="feature" time="0.0" classname="cucumber.api.testng.AbstractTestNGCucumberTests">
    <skipped/>
  </testcase> <!-- feature -->
  <testcase name="adminCreateNewBatchAndCancel0" time="0.0" classname="com.revature.testng.Assignforce_Testing_KW">
    <ignored/>
  </testcase> <!-- adminCreateNewBatchAndCancel0 -->
  <testcase name="adminIterateThroughBuildling" time="0.0" classname="com.revature.testng.Assignforce_Testing_KW">
    <ignored/>
  </testcase> <!-- adminIterateThroughBuildling -->
  <testcase name="adminIterateThroughSkillsList" time="0.0" classname="com.revature.testng.Assignforce_Testing_KW">
    <ignored/>
  </testcase> <!-- adminIterateThroughSkillsList -->
  <testcase name="adminCreateNewBatchAndCancel8" time="0.0" classname="com.revature.testng.Assignforce_Testing_KW">
    <ignored/>
  </testcase> <!-- adminCreateNewBatchAndCancel8 -->
  <testcase name="adminCreateNewBatchAndCancel5" time="0.0" classname="com.revature.testng.Assignforce_Testing_KW">
    <ignored/>
  </testcase> <!-- adminCreateNewBatchAndCancel5 -->
  <testcase name="adminCreateNewBatchAndCancel7" time="0.0" classname="com.revature.testng.Assignforce_Testing_KW">
    <ignored/>
  </testcase> <!-- adminCreateNewBatchAndCancel7 -->
  <testcase name="adminCreateNewBatchAndCancel4" time="0.0" classname="com.revature.testng.Assignforce_Testing_KW">
    <ignored/>
  </testcase> <!-- adminCreateNewBatchAndCancel4 -->
  <testcase name="adminCreateNewBatchAndCancel6" time="0.0" classname="com.revature.testng.Assignforce_Testing_KW">
    <ignored/>
  </testcase> <!-- adminCreateNewBatchAndCancel6 -->
  <testcase name="adminIterateThroughLocations" time="0.0" classname="com.revature.testng.Assignforce_Testing_KW">
    <ignored/>
  </testcase> <!-- adminIterateThroughLocations -->
  <testcase name="adminIterateThroughBatchCoreUntilMemoryFault" time="0.0" classname="com.revature.testng.Assignforce_Testing_KW">
    <ignored/>
  </testcase> <!-- adminIterateThroughBatchCoreUntilMemoryFault -->
  <testcase name="adminCreateNewBatchAndCancel9" time="0.0" classname="com.revature.testng.Assignforce_Testing_KW">
    <ignored/>
  </testcase> <!-- adminCreateNewBatchAndCancel9 -->
  <testcase name="adminIterateThroughCotrainers" time="0.0" classname="com.revature.testng.Assignforce_Testing_KW">
    <ignored/>
  </testcase> <!-- adminIterateThroughCotrainers -->
  <testcase name="adminIterateThroughBatchCoreList" time="0.0" classname="com.revature.testng.Assignforce_Testing_KW">
    <ignored/>
  </testcase> <!-- adminIterateThroughBatchCoreList -->
  <testcase name="adminCreateNewBatchAndSubmit" time="0.0" classname="com.revature.testng.Assignforce_Testing_KW">
    <ignored/>
  </testcase> <!-- adminCreateNewBatchAndSubmit -->
  <testcase name="adminIterateThroughTrainers" time="0.0" classname="com.revature.testng.Assignforce_Testing_KW">
    <ignored/>
  </testcase> <!-- adminIterateThroughTrainers -->
</testsuite> <!-- Default test -->
